I0324 17:31:30.781472   22220 load.go:31] Reloading schema and connectors...
W0324 17:31:30.832200   22220 control.go:74] [projects/emulator/locations/emulator/services/lifetrack-6ef3a-service 0ad8] connector "example" has errors: example\mutations.gql:6:3: Cannot query field "movie_insert" on type "Mutation".
example\mutations.gql:12:3: Cannot query field "user_upsert" on type "Mutation".
example\mutations.gql:18:3: Cannot query field "review_upsert" on type "Mutation".
example\mutations.gql:32:3: Cannot query field "review_delete" on type "Mutation".
example\queries.gql:6:3: Cannot query field "movies" on type "Query".
example\queries.gql:16:3: Cannot query field "users" on type "Query".
example\queries.gql:25:3: Cannot query field "user" on type "Query".
example\queries.gql:44:3: Cannot query field "movie" on type "Query".
example\queries.gql:68:3: Cannot query field "movies" on type "Query".

sources: example\mutations.gql [1243B] example\queries.gql [1801B] 
I0324 17:31:30.832200   22220 control.go:100] [projects/emulator/locations/emulator/services/lifetrack-6ef3a-service 0ad8] UpdateResources(): done
Main schema: sources: schema\schema.gql [0B] 
Connector "example": sources: example\mutations.gql [1243B] example\queries.gql [1801B] 
E0324 17:31:30.832200   22220 load.go:73] Could not load sources: 
Errors: example\mutations.gql:6:3: Cannot query field "movie_insert" on type "Mutation".
example\mutations.gql:12:3: Cannot query field "user_upsert" on type "Mutation".
example\mutations.gql:18:3: Cannot query field "review_upsert" on type "Mutation".
example\mutations.gql:32:3: Cannot query field "review_delete" on type "Mutation".
example\queries.gql:6:3: Cannot query field "movies" on type "Query".
example\queries.gql:16:3: Cannot query field "users" on type "Query".
example\queries.gql:25:3: Cannot query field "user" on type "Query".
example\queries.gql:44:3: Cannot query field "movie" on type "Query".
example\queries.gql:68:3: Cannot query field "movies" on type "Query".
I0324 17:31:30.833844   22220 collector.go:107] schema extensions wrote into "C:\\Users\\Hp\\Desktop\\OneDrive - University of Southampton\\Projects\\CloudApp\\dataconnect\\.dataconnect\\schema"
Generated sources: prelude.gql [80888B] 
I0324 17:31:30.833844   22220 load.go:74] Finished reloading
I0324 17:31:30.835227   22220 dev.go:104] Listening on address (HTTP + gRPC): 127.0.0.1:9399
I0324 17:31:30.835953   22220 dev.go:104] Listening on address (HTTP + gRPC): [::1]:9399
E0324 17:31:33.639681   22220 configure_emulator.go:19] ConfigureEmulator failed with error: could not configure service lifetrack-6ef3a-service: cannot connect to Postgres database dbname='lifetrack-6ef3a-database' host='127.0.0.1' port='5432' sslmode='disable' dbname='lifetrack-6ef3a-database': driver: bad connection
Request: service_id: "lifetrack-6ef3a-service"
connection_string: "postgres://127.0.0.1:5432/lifetrack-6ef3a-database?sslmode=disable"
database: "lifetrack-6ef3a-database"
